<?xml version="1.0" encoding="UTF-8"?>
<!-- Generated by org.testng.reporters.JUnitXMLReporter -->
<testsuite ignored="0" hostname="LAPTOP-LS3D59LS" failures="0" tests="2" name="ChromeTest" time="86.42" errors="0" timestamp="2023-10-22T12:31:44 IST">
  <testcase classname="com.uiautomation.testcases.IndexPageTest" name="verifyLogo" time="0.113"/>
  <testcase classname="com.uiautomation.testcases.IndexPageTest" name="verifyTitle" time="0.0">
    <skipped/>
  </testcase> <!-- verifyTitle -->
</testsuite> <!-- ChromeTest -->
