<?xml version="1.0" encoding="UTF-8"?>
<!-- Generated by org.testng.reporters.JUnitXMLReporter -->
<testsuite ignored="2" hostname="LAPTOP-LS3D59LS" failures="0" tests="3" name="Test_All" time="96.138" errors="0" timestamp="2023-10-22T16:40:31 IST">
  <testcase classname="com.uiautomation.testcases.IndexPageTest" name="verifyLogo" time="0.104"/>
  <testcase classname="com.uiautomation.testcases.IndexPageTest" name="verifyTitle" time="0.019"/>
  <testcase classname="com.uiautomation.testcases.LoginPageTest" name="loginTest" time="3.563"/>
  <testcase classname="com.uiautomation.base.BaseClass" name="@BeforeSuite loadConfig" time="0.0">
    <ignored/>
  </testcase> <!-- @BeforeSuite loadConfig -->
  <testcase classname="com.uiautomation.base.BaseClass" name="@AfterSuite afterSuite" time="0.0">
    <ignored/>
  </testcase> <!-- @AfterSuite afterSuite -->
</testsuite> <!-- Test_All -->
