<?xml version="1.0" encoding="UTF-8"?>
<testng-results ignored="2" total="5" passed="3" failed="0" skipped="0">
  <reporter-output>
  </reporter-output>
  <suite started-at="2023-10-22T16:38:55 IST" name="Suite" finished-at="2023-10-22T16:40:31 IST" duration-ms="96138">
    <groups>
    </groups>
    <test started-at="2023-10-22T16:38:55 IST" name="Test_All" finished-at="2023-10-22T16:40:31 IST" duration-ms="96138">
      <class name="com.uiautomation.testcases.LoginPageTest">
        <test-method is-config="true" signature="setup(java.lang.String)[pri:0, instance:com.uiautomation.testcases.LoginPageTest@188715b5]" started-at="2023-10-22T16:40:18 IST" name="setup" finished-at="2023-10-22T16:40:27 IST" duration-ms="9271" status="PASS">
          <params>
            <param index="0">
              <value>
                <![CDATA[Chrome]]>
              </value>
            </param>
          </params>
          <reporter-output>
          </reporter-output>
        </test-method> <!-- setup -->
        <test-method signature="loginTest(java.lang.String, java.lang.String)[pri:0, instance:com.uiautomation.testcases.LoginPageTest@188715b5]" started-at="2023-10-22T16:40:27 IST" name="loginTest" data-provider="credentials" finished-at="2023-10-22T16:40:31 IST" duration-ms="3563" status="PASS">
          <params>
            <param index="0">
              <value>
                <![CDATA[jimitd@gmail.com]]>
              </value>
            </param>
            <param index="1">
              <value>
                <![CDATA[Password@123]]>
              </value>
            </param>
          </params>
          <reporter-output>
          </reporter-output>
        </test-method> <!-- loginTest -->
        <test-method is-config="true" signature="tearDown()[pri:0, instance:com.uiautomation.testcases.LoginPageTest@188715b5]" started-at="2023-10-22T16:40:31 IST" name="tearDown" finished-at="2023-10-22T16:40:31 IST" duration-ms="295" status="PASS">
          <reporter-output>
          </reporter-output>
        </test-method> <!-- tearDown -->
      </class> <!-- com.uiautomation.testcases.LoginPageTest -->
      <class name="com.uiautomation.testcases.IndexPageTest">
        <test-method is-config="true" signature="loadConfig()[pri:0, instance:com.uiautomation.testcases.IndexPageTest@2f7298b]" started-at="2023-10-22T16:38:55 IST" name="loadConfig" finished-at="2023-10-22T16:38:55 IST" duration-ms="217" status="PASS">
          <reporter-output>
          </reporter-output>
        </test-method> <!-- loadConfig -->
        <test-method is-config="true" signature="setup(java.lang.String)[pri:0, instance:com.uiautomation.testcases.IndexPageTest@2f7298b]" started-at="2023-10-22T16:38:55 IST" name="setup" finished-at="2023-10-22T16:40:09 IST" duration-ms="74351" status="PASS">
          <params>
            <param index="0">
              <value>
                <![CDATA[Chrome]]>
              </value>
            </param>
          </params>
          <reporter-output>
          </reporter-output>
        </test-method> <!-- setup -->
        <test-method signature="verifyLogo()[pri:0, instance:com.uiautomation.testcases.IndexPageTest@2f7298b]" started-at="2023-10-22T16:40:09 IST" name="verifyLogo" finished-at="2023-10-22T16:40:09 IST" duration-ms="104" status="PASS">
          <reporter-output>
          </reporter-output>
        </test-method> <!-- verifyLogo -->
        <test-method is-config="true" signature="tearDown()[pri:0, instance:com.uiautomation.testcases.IndexPageTest@2f7298b]" started-at="2023-10-22T16:40:09 IST" name="tearDown" finished-at="2023-10-22T16:40:10 IST" duration-ms="304" status="PASS">
          <reporter-output>
          </reporter-output>
        </test-method> <!-- tearDown -->
        <test-method is-config="true" signature="setup(java.lang.String)[pri:0, instance:com.uiautomation.testcases.IndexPageTest@2f7298b]" started-at="2023-10-22T16:40:10 IST" name="setup" finished-at="2023-10-22T16:40:17 IST" duration-ms="7356" status="PASS">
          <params>
            <param index="0">
              <value>
                <![CDATA[Chrome]]>
              </value>
            </param>
          </params>
          <reporter-output>
          </reporter-output>
        </test-method> <!-- setup -->
        <test-method signature="verifyTitle()[pri:0, instance:com.uiautomation.testcases.IndexPageTest@2f7298b]" started-at="2023-10-22T16:40:17 IST" name="verifyTitle" finished-at="2023-10-22T16:40:17 IST" duration-ms="19" status="PASS">
          <reporter-output>
          </reporter-output>
        </test-method> <!-- verifyTitle -->
        <test-method is-config="true" signature="tearDown()[pri:0, instance:com.uiautomation.testcases.IndexPageTest@2f7298b]" started-at="2023-10-22T16:40:17 IST" name="tearDown" finished-at="2023-10-22T16:40:17 IST" duration-ms="270" status="PASS">
          <reporter-output>
          </reporter-output>
        </test-method> <!-- tearDown -->
        <test-method is-config="true" signature="afterSuite()[pri:0, instance:com.uiautomation.testcases.IndexPageTest@2f7298b]" started-at="2023-10-22T16:40:31 IST" name="afterSuite" finished-at="2023-10-22T16:40:31 IST" duration-ms="352" status="PASS">
          <reporter-output>
          </reporter-output>
        </test-method> <!-- afterSuite -->
      </class> <!-- com.uiautomation.testcases.IndexPageTest -->
    </test> <!-- Test_All -->
  </suite> <!-- Suite -->
</testng-results>
